<?xml version="1.0" encoding="utf-8"?>
<coverage line-rate="0.07690000000000001" branch-rate="0" version="1.9" timestamp="1591984800" lines-covered="1" lines-valid="13" branches-covered="0" branches-valid="16">
  <sources>
    <source>C:\Program Files (x86)\Jenkins\workspace\Example_master\Example\Example\</source>
  </sources>
  <packages>
    <package name="Example" line-rate="0.07690000000000001" branch-rate="0" complexity="22">
      <classes>
        <class name="Example.Jenkins.JenkinsPower" filename="JenkinsPower.cs" line-rate="1" branch-rate="1" complexity="1">
          <methods>
            <method name="Power" signature="(System.Double,System.Double)" line-rate="1" branch-rate="1">
              <lines>
                <line number="9" hits="1" branch="False" />
              </lines>
            </method>
          </methods>
          <lines>
            <line number="9" hits="1" branch="False" />
          </lines>
        </class>
        <class name="Example.App" filename="App.xaml.cs" line-rate="0" branch-rate="1" complexity="4">
          <methods>
            <method name="OnStart" signature="()" line-rate="0" branch-rate="1">
              <lines>
                <line number="20" hits="0" branch="False" />
              </lines>
            </method>
            <method name="OnSleep" signature="()" line-rate="0" branch-rate="1">
              <lines>
                <line number="25" hits="0" branch="False" />
              </lines>
            </method>
            <method name="OnResume" signature="()" line-rate="0" branch-rate="1">
              <lines>
                <line number="30" hits="0" branch="False" />
              </lines>
            </method>
            <method name=".ctor" signature="()" line-rate="0" branch-rate="1">
              <lines>
                <line number="10" hits="0" branch="False" />
                <line number="12" hits="0" branch="False" />
                <line number="14" hits="0" branch="False" />
                <line number="15" hits="0" branch="False" />
              </lines>
            </method>
          </methods>
          <lines>
            <line number="20" hits="0" branch="False" />
            <line number="25" hits="0" branch="False" />
            <line number="30" hits="0" branch="False" />
            <line number="10" hits="0" branch="False" />
            <line number="12" hits="0" branch="False" />
            <line number="14" hits="0" branch="False" />
            <line number="15" hits="0" branch="False" />
          </lines>
        </class>
        <class name="Example.App" filename="obj\Release\netstandard2.0\App.xaml.g.cs" line-rate="0" branch-rate="0" complexity="8">
          <methods>
            <method name="InitializeComponent" signature="()" line-rate="0" branch-rate="0">
              <lines>
                <line number="20" hits="0" branch="True" condition-coverage="0% (0/8)">
                  <conditions>
                    <condition number="6" type="jump" coverage="0%" />
                    <condition number="48" type="jump" coverage="0%" />
                    <condition number="63" type="jump" coverage="0%" />
                    <condition number="81" type="jump" coverage="0%" />
                  </conditions>
                </line>
              </lines>
            </method>
          </methods>
          <lines>
            <line number="20" hits="0" branch="True" condition-coverage="0% (0/8)">
              <conditions>
                <condition number="6" type="jump" coverage="0%" />
                <condition number="48" type="jump" coverage="0%" />
                <condition number="63" type="jump" coverage="0%" />
                <condition number="81" type="jump" coverage="0%" />
              </conditions>
            </line>
          </lines>
        </class>
        <class name="Example.MainPage" filename="obj\Release\netstandard2.0\MainPage.xaml.g.cs" line-rate="0" branch-rate="0" complexity="8">
          <methods>
            <method name="InitializeComponent" signature="()" line-rate="0" branch-rate="0">
              <lines>
                <line number="20" hits="0" branch="True" condition-coverage="0% (0/8)">
                  <conditions>
                    <condition number="6" type="jump" coverage="0%" />
                    <condition number="48" type="jump" coverage="0%" />
                    <condition number="63" type="jump" coverage="0%" />
                    <condition number="81" type="jump" coverage="0%" />
                  </conditions>
                </line>
              </lines>
            </method>
          </methods>
          <lines>
            <line number="20" hits="0" branch="True" condition-coverage="0% (0/8)">
              <conditions>
                <condition number="6" type="jump" coverage="0%" />
                <condition number="48" type="jump" coverage="0%" />
                <condition number="63" type="jump" coverage="0%" />
                <condition number="81" type="jump" coverage="0%" />
              </conditions>
            </line>
          </lines>
        </class>
        <class name="Example.MainPage" filename="MainPage.xaml.cs" line-rate="0" branch-rate="1" complexity="1">
          <methods>
            <method name=".ctor" signature="()" line-rate="0" branch-rate="1">
              <lines>
                <line number="12" hits="0" branch="False" />
                <line number="14" hits="0" branch="False" />
                <line number="15" hits="0" branch="False" />
              </lines>
            </method>
          </methods>
          <lines>
            <line number="12" hits="0" branch="False" />
            <line number="14" hits="0" branch="False" />
            <line number="15" hits="0" branch="False" />
          </lines>
        </class>
      </classes>
    </package>
  </packages>
</coverage>